INFO*15-Dec-21 23:22:27 -root -Login user: mahshad98
INFO*15-Dec-21 23:23:25 -root -Login user: mahshad98
INFO*15-Dec-21 23:24:41 -root -Sign up user: gishaa24
INFO*16-Dec-21 09:24:41 -root -Sign up user: fateme30
INFO*16-Dec-21 09:26:49 -root -Login user: mahshad98
INFO*16-Dec-21 09:27:39 -root -Sign up user: maryam26
INFO*16-Dec-21 11:33:01 -root -Login user: maryam26
INFO*18-Dec-21 18:05:06 -root -Login user: mahshad98
INFO*18-Dec-21 18:06:42 -root -Login user: mahshad98
INFO*18-Dec-21 21:17:57 -root -Sign up user: mahsa30
INFO*18-Dec-21 21:18:15 -root -Sign up user: mahsaa30
INFO*18-Dec-21 23:24:19 -root -Sign up user: maryam30
INFO*18-Dec-21 23:31:26 -root -Sign up user: safaa20
INFO*18-Dec-21 23:31:37 -root -Sign up user: safaaa20
INFO*18-Dec-21 23:42:00 -root -Sign up user: maryam30
INFO*19-Dec-21 13:58:23 -root -Login user: maryam30
INFO*19-Dec-21 14:00:25 -root -Login user: maryam30
INFO*19-Dec-21 14:11:07 -root -Login user: maryam30
INFO*19-Dec-21 14:14:11 -root -Login user: maryam30
INFO*19-Dec-21 14:18:38 -root -Login user: maryam30
INFO*19-Dec-21 14:57:55 -root -Login user: maryam30
INFO*19-Dec-21 14:58:00 -root -user log out: maryam30
INFO*19-Dec-21 15:39:45 -root -Sign up user: fateme25
INFO*19-Dec-21 15:40:05 -root -Login user: fateme25
INFO*19-Dec-21 15:41:17 -root -user log out: fateme25
INFO*19-Dec-21 15:41:34 -root -Login user: maryam30
INFO*19-Dec-21 15:50:41 -root -Login user: maryam30
INFO*19-Dec-21 15:52:39 -root -Login user: maryam30
INFO*19-Dec-21 15:55:16 -root -Login user: maryam30
INFO*19-Dec-21 16:00:08 -root -Login user: fateme25
INFO*19-Dec-21 16:11:06 -root -Login user: maryam30
INFO*19-Dec-21 16:14:04 -root -Login user: fateme25
INFO*19-Dec-21 16:24:52 -root -Login user: fateme25
INFO*19-Dec-21 16:25:19 -root -user fateme25 send message to maryam30 !
INFO*19-Dec-21 16:25:26 -root -user log out: fateme25
INFO*19-Dec-21 16:26:11 -root -Login user: maryam30
INFO*19-Dec-21 16:27:07 -root -Login user: fateme25
INFO*19-Dec-21 16:46:46 -root -Sign up user: leilaa33
INFO*19-Dec-21 16:47:21 -root -Login user: leilaa33
INFO*19-Dec-21 16:47:34 -root -user log out: leilaa33
INFO*19-Dec-21 16:55:17 -root -Login user: leilaa33
INFO*19-Dec-21 16:55:53 -root -user leilaa33 send message to fateme25 !
INFO*19-Dec-21 16:56:00 -root -user log out: leilaa33
INFO*19-Dec-21 16:57:56 -root -Login user: fateme25
INFO*19-Dec-21 17:00:52 -root -Login user: leilaa33
INFO*19-Dec-21 17:01:10 -root -user leilaa33 send message to fateme25 !
INFO*19-Dec-21 17:03:25 -root -Login user: fateme25
INFO*19-Dec-21 17:06:33 -root -Login user: leilaa33
INFO*19-Dec-21 17:06:51 -root -user leilaa33 send message to fateme25 !
INFO*19-Dec-21 17:07:00 -root -user log out: leilaa33
INFO*19-Dec-21 17:08:18 -root -Login user: fateme25
INFO*19-Dec-21 17:14:17 -root -Login user: fateme25
INFO*27-Dec-21 22:07:02 -root -Login user: mahshad98
INFO*27-Dec-21 22:17:30 -root -Login user: mahshad98
INFO*27-Dec-21 22:20:41 -root -Login user: mahshad98
INFO*27-Dec-21 22:22:33 -root -Login user: mahshad98
INFO*27-Dec-21 22:23:40 -root -Login user: mahshad98
ERROR*27-Dec-21 22:24:23 -root -Wrong answer! user: mahshad98
INFO*27-Dec-21 22:24:25 -root -user log out: mahshad98
INFO*27-Dec-21 22:24:38 -root -Login user: leilaa33
INFO*27-Dec-21 22:30:32 -root -Login user: leilaa33
INFO*27-Dec-21 22:32:41 -root -Login user: leilaa33
INFO*27-Dec-21 22:33:51 -root -Login user: leilaa33
INFO*27-Dec-21 22:34:19 -root -user log out: leilaa33
